[debug] [2020-02-27T22:35:26.259Z] ----------------------------------------------------------------------
[debug] [2020-02-27T22:35:26.267Z] Command:       /usr/local/bin/node /usr/local/bin/firebase deploy --except functions
[debug] [2020-02-27T22:35:26.267Z] CLI Version:   7.14.0
[debug] [2020-02-27T22:35:26.268Z] Platform:      darwin
[debug] [2020-02-27T22:35:26.268Z] Node Version:  v11.2.0
[debug] [2020-02-27T22:35:26.294Z] Time:          Thu Feb 27 2020 17:35:26 GMT-0500 (Eastern Standard Time)
[debug] [2020-02-27T22:35:26.294Z] ----------------------------------------------------------------------
[debug] [2020-02-27T22:35:26.294Z] 
[debug] [2020-02-27T22:35:26.345Z] > command requires scopes: ["email","openid","https://www.googleapis.com/auth/cloudplatformprojects.readonly","https://www.googleapis.com/auth/firebase","https://www.googleapis.com/auth/cloud-platform"]
[debug] [2020-02-27T22:35:26.346Z] > authorizing via signed-in user
[debug] [2020-02-27T22:35:26.346Z] [iam] checking project friendlychat-3dfba for permissions ["firebase.projects.get","firebasehosting.sites.update"]
[debug] [2020-02-27T22:35:26.349Z] >>> HTTP REQUEST POST https://cloudresourcemanager.googleapis.com/v1/projects/friendlychat-3dfba:testIamPermissions  

[debug] [2020-02-27T22:35:26.875Z] <<< HTTP RESPONSE 200
[debug] [2020-02-27T22:35:26.882Z] >>> HTTP REQUEST GET https://firebase.googleapis.com/v1beta1/projects/friendlychat-3dfba  
 
[debug] [2020-02-27T22:35:27.119Z] <<< HTTP RESPONSE 200
[info] 
[info] === Deploying to 'friendlychat-3dfba'...
[info] 
[info] i  deploying hosting
[debug] [2020-02-27T22:35:46.601Z] >>> HTTP REQUEST POST https://firebasehosting.googleapis.com/v1beta1/sites/friendlychat-3dfba/versions  

[debug] [2020-02-27T22:35:56.914Z] <<< HTTP RESPONSE 503
[debug] [2020-02-27T22:35:56.916Z] <<< HTTP RESPONSE BODY
[error] 
[error] Error: HTTP Error: 503, The service is currently unavailable.
[debug] [2020-02-27T22:35:57.067Z] Error Context: {
  "body": {
    "error": {
      "code": 503,
      "message": "The service is currently unavailable.",
      "status": "UNAVAILABLE"
    }
  },
  "response": {
    "statusCode": 503,
    "body": {
      "error": {
        "code": 503,
        "message": "The service is currently unavailable.",
        "status": "UNAVAILABLE"
      }
    },
    "headers": {
      "vary": "X-Origin, Referer, Origin,Accept-Encoding",
      "content-type": "application/json; charset=UTF-8",
      "date": "Thu, 27 Feb 2020 22:35:56 GMT",
      "server": "ESF",
      "cache-control": "private",
      "x-xss-protection": "0",
      "x-frame-options": "SAMEORIGIN",
      "x-content-type-options": "nosniff",
      "alt-svc": "quic=\":443\"; ma=2592000; v=\"46,43\",h3-Q050=\":443\"; ma=2592000,h3-Q049=\":443\"; ma=2592000,h3-Q048=\":443\"; ma=2592000,h3-Q046=\":443\"; ma=2592000,h3-Q043=\":443\"; ma=2592000",
      "accept-ranges": "none",
      "transfer-encoding": "chunked"
    },
    "request": {
      "uri": {
        "protocol": "https:",
        "slashes": true,
        "auth": null,
        "host": "firebasehosting.googleapis.com",
        "port": 443,
        "hostname": "firebasehosting.googleapis.com",
        "hash": null,
        "search": null,
        "query": null,
        "pathname": "/v1beta1/sites/friendlychat-3dfba/versions",
        "path": "/v1beta1/sites/friendlychat-3dfba/versions",
        "href": "https://firebasehosting.googleapis.com/v1beta1/sites/friendlychat-3dfba/versions"
      },
      "method": "POST"
    }
  }
}
